[GIN-debug] [WARNING] Creating an Engine instance with the Logger and Recovery middleware already attached.

[GIN-debug] [WARNING] Running in "debug" mode. Switch to "release" mode in production.
 - using env:	export GIN_MODE=release
 - using code:	gin.SetMode(gin.ReleaseMode)

[GIN-debug] GET    /api/ping                 --> main.setupRouter.func1 (4 handlers)
[GIN-debug] GET    /api/message              --> privex/handler.(*Env).ListMessages-fm (4 handlers)
[GIN-debug] GET    /api/message/:id          --> privex/handler.(*Env).GetMessage-fm (4 handlers)
[GIN-debug] POST   /api/message              --> privex/handler.(*Env).PostMessage-fm (4 handlers)
[GIN-debug] DELETE /api/message/:id          --> privex/handler.(*Env).DeleteMessage-fm (4 handlers)
[GIN-debug] [WARNING] You trusted all proxies, this is NOT safe. We recommend you to set a value.
Please check https://pkg.go.dev/github.com/gin-gonic/gin#readme-don-t-trust-all-proxies for details.
[GIN-debug] Listening and serving HTTP on :8080
[GIN] 2023/03/21 - 19:07:36 | 304 |      111.35µs |             ::1 | GET      "/"
[GIN] 2023/03/21 - 19:07:36 | 304 |     236.859µs |             ::1 | GET      "/"
[GIN] 2023/03/21 - 19:07:36 | 404 |      55.041µs |             ::1 | GET      "/style.css"
[GIN] 2023/03/21 - 19:07:36 | 404 |     141.714µs |             ::1 | GET      "/style.css"
[GIN] 2023/03/21 - 19:07:44 | 200 |   14.511743ms |             ::1 | GET      "/index.css"
[GIN] 2023/03/21 - 19:07:44 | 200 |   14.616538ms |             ::1 | GET      "/index.css"
[GIN] 2023/03/21 - 19:07:53 | 404 |     108.503µs |             ::1 | GET      "/index.htm;"
[GIN] 2023/03/21 - 19:07:53 | 404 |     245.628µs |             ::1 | GET      "/index.htm;"
[GIN] 2023/03/21 - 19:07:57 | 404 |      33.781µs |             ::1 | GET      "/style.css"
[GIN] 2023/03/21 - 19:07:57 | 404 |     204.882µs |             ::1 | GET      "/style.css"
